Using pre-set license
Built from '2020.3/staging' branch; Version is '2020.3.13f1 (71691879b7f5) revision 7432472'; Using compiler version '192528614'; Build Type 'Release'
OS: 'Windows 10 Home; OS build 22000.65; Version 2009; 64bit' Language: 'en' Physical Memory: 16220 MB
BatchMode: 1, IsHumanControllingUs: 0, StartBugReporterOnCrash: 0, Is64bit: 1, IsPro: 0

 COMMAND LINE ARGUMENTS:
C:\Program Files\Unity\Hub\Editor\2020.3.13f1\Editor\Unity.exe
-adb2
-batchMode
-noUpm
-name
AssetImportWorker0
-projectPath
D:/unityProjects/Create_With_Code/Prototype 2
-logFile
Logs/AssetImportWorker0.log
-srvPort
49827
Successfully changed project path to: D:/unityProjects/Create_With_Code/Prototype 2
D:/unityProjects/Create_With_Code/Prototype 2
Using Asset Import Pipeline V2.
Refreshing native plugins compatible for Editor in 24.54 ms, found 2 plugins.
Preloading 0 native plugins for Editor in 0.00 ms.
Initialize engine version: 2020.3.13f1 (71691879b7f5)
[Subsystems] Discovering subsystems at path C:/Program Files/Unity/Hub/Editor/2020.3.13f1/Editor/Data/Resources/UnitySubsystems
[Subsystems] Discovering subsystems at path D:/unityProjects/Create_With_Code/Prototype 2/Assets
GfxDevice: creating device client; threaded=0
Direct3D:
    Version:  Direct3D 11.0 [level 11.1]
    Renderer: Intel(R) UHD Graphics 630 (ID=0x3e98)
    Vendor:   
    VRAM:     8110 MB
    Driver:   28.20.100.8322
Initialize mono
Mono path[0] = 'C:/Program Files/Unity/Hub/Editor/2020.3.13f1/Editor/Data/Managed'
Mono path[1] = 'C:/Program Files/Unity/Hub/Editor/2020.3.13f1/Editor/Data/MonoBleedingEdge/lib/mono/unityjit'
Mono config path = 'C:/Program Files/Unity/Hub/Editor/2020.3.13f1/Editor/Data/MonoBleedingEdge/etc'
Using monoOptions --debugger-agent=transport=dt_socket,embedding=1,server=y,suspend=n,address=127.0.0.1:56108
Begin MonoManager ReloadAssembly
Registering precompiled unity dll's ...
Register platform support module: C:/Program Files/Unity/Hub/Editor/2020.3.13f1/Editor/Data/PlaybackEngines/WebGLSupport/UnityEditor.WebGL.Extensions.dll
Register platform support module: C:/Program Files/Unity/Hub/Editor/2020.3.13f1/Editor/Data/PlaybackEngines/WindowsStandaloneSupport/UnityEditor.WindowsStandalone.Extensions.dll
Register platform support module: C:/Program Files/Unity/Hub/Editor/2020.3.13f1/Editor/Data/PlaybackEngines/LinuxStandaloneSupport/UnityEditor.LinuxStandalone.Extensions.dll
Register platform support module: C:/Program Files/Unity/Hub/Editor/2020.3.13f1/Editor/Data/PlaybackEngines/LuminSupport/UnityEditor.Lumin.Extensions.dll
Registered in 0.002868 seconds.
Native extension for Lumin target not found
Native extension for LinuxStandalone target not found
Native extension for WindowsStandalone target not found
Native extension for WebGL target not found
Refreshing native plugins compatible for Editor in 23.33 ms, found 2 plugins.
Preloading 0 native plugins for Editor in 0.00 ms.
Mono: successfully reloaded assembly
- Completed reload, in  1.846 seconds
Platform modules already initialized, skipping
Registering precompiled user dll's ...
Registered in 0.002048 seconds.
Begin MonoManager ReloadAssembly
Native extension for Lumin target not found
Native extension for LinuxStandalone target not found
Native extension for WindowsStandalone target not found
Native extension for WebGL target not found
Refreshing native plugins compatible for Editor in 0.28 ms, found 2 plugins.
Preloading 0 native plugins for Editor in 0.00 ms.
Mono: successfully reloaded assembly
- Completed reload, in  0.882 seconds
Platform modules already initialized, skipping
========================================================================
Worker process is ready to serve import requests
Launched and connected shader compiler UnityShaderCompiler.exe after 0.04 seconds
Refreshing native plugins compatible for Editor in 0.26 ms, found 2 plugins.
Preloading 0 native plugins for Editor in 0.00 ms.
Unloading 1390 Unused Serialized files (Serialized files now loaded: 0)
System memory in use before: 64.8 MB.
System memory in use after: 64.8 MB.

Unloading 19 unused Assets to reduce memory usage. Loaded Objects now: 1823.
Total: 2.237700 ms (FindLiveObjects: 0.144800 ms CreateObjectMapping: 0.038300 ms MarkObjects: 1.975200 ms  DeleteObjects: 0.078000 ms)

AssetImportParameters requested are different than current active one (requested -> active):
  custom:framework-win-MediaFoundation: 216162199b28c13a410421893ffa2e32 -> 
  custom:video-decoder-ogg-theora: a1e56fd34408186e4bbccfd4996cb3dc -> 
  custom:container-muxer-webm: aa71ff27fc2769a1b78a27578f13a17b -> 
  custom:container-demuxer-webm: 4f35f7cbe854078d1ac9338744f61a02 -> 
  custom:container-demuxer-ogg: 62fdf1f143b41e24485cea50d1cbac27 -> 
  custom:video-encoder-webm-vp8: eb34c28f22e8b96e1ab97ce403110664 -> 
  custom:video-decoder-webm-vp8: 9c59270c3fd7afecdb556c50c9e8de78 -> 
  custom:audio-decoder-ogg-vorbis: bf7c407c2cedff20999df2af8eb42d56 -> 
  custom:audio-encoder-webm-vorbis: bf7c407c2cedff20999df2af8eb42d56 -> 
========================================================================
Received Import Request.
  path: Assets/Scenes
  artifactKey: Guid(e661fa23d25ff9047a0c3795138a5934) Importer(815301076,1909f56bfc062723c751e8b465ee728b)
Start importing Assets/Scenes using Guid(e661fa23d25ff9047a0c3795138a5934) Importer(815301076,1909f56bfc062723c751e8b465ee728b)  -> (artifact id: '14140d2069a51bfc293a6c5d8e1998de') in 0.009949 seconds 
  Import took 0.011843 seconds .

========================================================================
Received Import Request.
  Time since last request: 5.205626 seconds.
  path: Assets/Scenes/Prototype 2.unity
  artifactKey: Guid(f0196d95ff9244ffaa65879ba7824fd4) Importer(815301076,1909f56bfc062723c751e8b465ee728b)
Start importing Assets/Scenes/Prototype 2.unity using Guid(f0196d95ff9244ffaa65879ba7824fd4) Importer(815301076,1909f56bfc062723c751e8b465ee728b)  -> (artifact id: '558dc2f3d3a1e0e7b4cae2120e4714f9') in 0.027021 seconds 
  Import took 0.029620 seconds .

========================================================================
Received Import Request.
  Time since last request: 3.703842 seconds.
  path: Assets/Scenes/SampleScene.unity
  artifactKey: Guid(9fc0d4010bbf28b4594072e72b8655ab) Importer(815301076,1909f56bfc062723c751e8b465ee728b)
Start importing Assets/Scenes/SampleScene.unity using Guid(9fc0d4010bbf28b4594072e72b8655ab) Importer(815301076,1909f56bfc062723c751e8b465ee728b)  -> (artifact id: '85059f4f9e1a832ed95adaa0d25c5c4c') in 0.011235 seconds 
  Import took 0.014172 seconds .

========================================================================
Received Import Request.
  Time since last request: 310.387929 seconds.
  path: Assets
  artifactKey: Guid(00000000000000001000000000000000) Importer(815301076,1909f56bfc062723c751e8b465ee728b)
Start importing Assets using Guid(00000000000000001000000000000000) Importer(815301076,1909f56bfc062723c751e8b465ee728b)  -> (artifact id: '42d402b061de3733987d63b9cc3b64de') in 0.010768 seconds 
  Import took 0.013829 seconds .

========================================================================
Received Import Request.
  Time since last request: 0.004098 seconds.
  path: Assets
  artifactKey: Guid(00000000000000001000000000000000) Importer(815301076,1909f56bfc062723c751e8b465ee728b)
Start importing Assets using Guid(00000000000000001000000000000000) Importer(815301076,1909f56bfc062723c751e8b465ee728b)  -> (artifact id: '42d402b061de3733987d63b9cc3b64de') in 0.003642 seconds 
  Import took 0.006985 seconds .

========================================================================
Received Import Request.
  Time since last request: 1.561383 seconds.
  path: Assets/Course Library/_Source_Files
  artifactKey: Guid(72f1805f9e4054127a65d3cab3ea01c4) Importer(815301076,1909f56bfc062723c751e8b465ee728b)
Start importing Assets/Course Library/_Source_Files using Guid(72f1805f9e4054127a65d3cab3ea01c4) Importer(815301076,1909f56bfc062723c751e8b465ee728b)  -> (artifact id: '52cb5daca1a2bc122d45aa02f2f5680d') in 0.010553 seconds 
  Import took 0.012802 seconds .

========================================================================
Received Import Request.
  Time since last request: 2.282672 seconds.
  path: Assets/Course Library/Animals/Forest/Animal_Doe_02.prefab
  artifactKey: Guid(2fdf2b8525a6fa54ba867925b16564e3) Importer(815301076,1909f56bfc062723c751e8b465ee728b)
Start importing Assets/Course Library/Animals/Forest/Animal_Doe_02.prefab using Guid(2fdf2b8525a6fa54ba867925b16564e3) Importer(815301076,1909f56bfc062723c751e8b465ee728b)  -> (artifact id: '5ab6403114a825263ead94ce0372b4d4') in 0.322926 seconds 
  Import took 0.326525 seconds .

========================================================================
Received Import Request.
  Time since last request: 7.409745 seconds.
  path: Assets/Course Library/Humans/SimpleFarmer_Man_01_Black.prefab
  artifactKey: Guid(f8abbdd178867d2419ba9feb6ff2cba0) Importer(815301076,1909f56bfc062723c751e8b465ee728b)
Start importing Assets/Course Library/Humans/SimpleFarmer_Man_01_Black.prefab using Guid(f8abbdd178867d2419ba9feb6ff2cba0) Importer(815301076,1909f56bfc062723c751e8b465ee728b)  -> (artifact id: 'ed99c7a4f7c1c0a07942bd43269a4f8b') in 0.134822 seconds 
  Import took 0.138473 seconds .

========================================================================
Received Import Request.
  Time since last request: 8.700446 seconds.
  path: Assets/Scripts
  artifactKey: Guid(a305671c1db9fed43a7442e08da6da7a) Importer(815301076,1909f56bfc062723c751e8b465ee728b)
Start importing Assets/Scripts using Guid(a305671c1db9fed43a7442e08da6da7a) Importer(815301076,1909f56bfc062723c751e8b465ee728b)  -> (artifact id: 'b3b68bbe2ad3f5f0410af95906656576') in 0.013039 seconds 
  Import took 0.016237 seconds .

========================================================================
Received Import Request.
  Time since last request: 0.001283 seconds.
  path: Assets/Scripts
  artifactKey: Guid(a305671c1db9fed43a7442e08da6da7a) Importer(815301076,1909f56bfc062723c751e8b465ee728b)
Start importing Assets/Scripts using Guid(a305671c1db9fed43a7442e08da6da7a) Importer(815301076,1909f56bfc062723c751e8b465ee728b)  -> (artifact id: 'b3b68bbe2ad3f5f0410af95906656576') in 0.004097 seconds 
  Import took 0.008120 seconds .

========================================================================
Received Import Request.
  Time since last request: 41.221177 seconds.
  path: Assets/Scripts/PlayerController.cs
  artifactKey: Guid(27de7102a429a174a96c7158e5c4309f) Importer(815301076,1909f56bfc062723c751e8b465ee728b)
Start importing Assets/Scripts/PlayerController.cs using Guid(27de7102a429a174a96c7158e5c4309f) Importer(815301076,1909f56bfc062723c751e8b465ee728b)  -> (artifact id: 'd2338fc2a37184fd90d9061728568907') in 0.073600 seconds 
  Import took 0.075957 seconds .

========================================================================
Received Prepare
Registering precompiled user dll's ...
Registered in 0.002090 seconds.
Begin MonoManager ReloadAssembly
Native extension for Lumin target not found
Native extension for LinuxStandalone target not found
Native extension for WindowsStandalone target not found
Native extension for WebGL target not found
Refreshing native plugins compatible for Editor in 0.30 ms, found 2 plugins.
Preloading 0 native plugins for Editor in 0.00 ms.
Mono: successfully reloaded assembly
- Completed reload, in  0.948 seconds
Platform modules already initialized, skipping
Refreshing native plugins compatible for Editor in 0.29 ms, found 2 plugins.
Preloading 0 native plugins for Editor in 0.00 ms.
Unloading 1386 Unused Serialized files (Serialized files now loaded: 0)
System memory in use before: 81.8 MB.
System memory in use after: 81.9 MB.

Unloading 14 unused Assets to reduce memory usage. Loaded Objects now: 1836.
Total: 2.477800 ms (FindLiveObjects: 0.167400 ms CreateObjectMapping: 0.041700 ms MarkObjects: 2.199800 ms  DeleteObjects: 0.067400 ms)

AssetImportParameters requested are different than current active one (requested -> active):
  custom:framework-win-MediaFoundation: 216162199b28c13a410421893ffa2e32 -> 
  custom:video-decoder-ogg-theora: a1e56fd34408186e4bbccfd4996cb3dc -> 
  custom:container-muxer-webm: aa71ff27fc2769a1b78a27578f13a17b -> 
  custom:container-demuxer-webm: 4f35f7cbe854078d1ac9338744f61a02 -> 
  custom:container-demuxer-ogg: 62fdf1f143b41e24485cea50d1cbac27 -> 
  custom:video-encoder-webm-vp8: eb34c28f22e8b96e1ab97ce403110664 -> 
  custom:video-decoder-webm-vp8: 9c59270c3fd7afecdb556c50c9e8de78 -> 
  custom:audio-decoder-ogg-vorbis: bf7c407c2cedff20999df2af8eb42d56 -> 
  custom:audio-encoder-webm-vorbis: bf7c407c2cedff20999df2af8eb42d56 -> 
========================================================================
Received Prepare
Registering precompiled user dll's ...
Registered in 0.002730 seconds.
Begin MonoManager ReloadAssembly
Native extension for Lumin target not found
Native extension for LinuxStandalone target not found
Native extension for WindowsStandalone target not found
Native extension for WebGL target not found
Refreshing native plugins compatible for Editor in 0.29 ms, found 2 plugins.
Preloading 0 native plugins for Editor in 0.00 ms.
Mono: successfully reloaded assembly
- Completed reload, in  0.955 seconds
Platform modules already initialized, skipping
Refreshing native plugins compatible for Editor in 0.27 ms, found 2 plugins.
Preloading 0 native plugins for Editor in 0.00 ms.
Unloading 1386 Unused Serialized files (Serialized files now loaded: 0)
System memory in use before: 81.8 MB.
System memory in use after: 81.9 MB.

Unloading 14 unused Assets to reduce memory usage. Loaded Objects now: 1839.
Total: 2.224500 ms (FindLiveObjects: 0.127100 ms CreateObjectMapping: 0.037300 ms MarkObjects: 1.994100 ms  DeleteObjects: 0.064700 ms)

AssetImportParameters requested are different than current active one (requested -> active):
  custom:framework-win-MediaFoundation: 216162199b28c13a410421893ffa2e32 -> 
  custom:video-decoder-ogg-theora: a1e56fd34408186e4bbccfd4996cb3dc -> 
  custom:container-muxer-webm: aa71ff27fc2769a1b78a27578f13a17b -> 
  custom:container-demuxer-webm: 4f35f7cbe854078d1ac9338744f61a02 -> 
  custom:container-demuxer-ogg: 62fdf1f143b41e24485cea50d1cbac27 -> 
  custom:video-encoder-webm-vp8: eb34c28f22e8b96e1ab97ce403110664 -> 
  custom:video-decoder-webm-vp8: 9c59270c3fd7afecdb556c50c9e8de78 -> 
  custom:audio-decoder-ogg-vorbis: bf7c407c2cedff20999df2af8eb42d56 -> 
  custom:audio-encoder-webm-vorbis: bf7c407c2cedff20999df2af8eb42d56 -> 
========================================================================
Received Import Request.
  Time since last request: 168.519919 seconds.
  path: Assets/Scripts/PlayerController.cs
  artifactKey: Guid(27de7102a429a174a96c7158e5c4309f) Importer(815301076,1909f56bfc062723c751e8b465ee728b)
Start importing Assets/Scripts/PlayerController.cs using Guid(27de7102a429a174a96c7158e5c4309f) Importer(815301076,1909f56bfc062723c751e8b465ee728b)  -> (artifact id: '826f3c6aabe14d045fe557af101c32e5') in 0.005054 seconds 
  Import took 0.015377 seconds .

========================================================================
Received Import Request.
  Time since last request: 19.448582 seconds.
  path: Assets/Course Library/Food
  artifactKey: Guid(ebb5014b986f346d0a94f77d3088ef31) Importer(815301076,1909f56bfc062723c751e8b465ee728b)
Start importing Assets/Course Library/Food using Guid(ebb5014b986f346d0a94f77d3088ef31) Importer(815301076,1909f56bfc062723c751e8b465ee728b)  -> (artifact id: 'd4aaf22b3e0ff688648ff4223f30c57b') in 0.010162 seconds 
  Import took 0.012992 seconds .

========================================================================
Received Prepare
Registering precompiled user dll's ...
Registered in 0.002718 seconds.
Begin MonoManager ReloadAssembly
Native extension for Lumin target not found
Native extension for LinuxStandalone target not found
Native extension for WindowsStandalone target not found
Native extension for WebGL target not found
Refreshing native plugins compatible for Editor in 0.29 ms, found 2 plugins.
Preloading 0 native plugins for Editor in 0.00 ms.
Mono: successfully reloaded assembly
- Completed reload, in  0.875 seconds
Platform modules already initialized, skipping
Refreshing native plugins compatible for Editor in 0.30 ms, found 2 plugins.
Preloading 0 native plugins for Editor in 0.00 ms.
Unloading 1386 Unused Serialized files (Serialized files now loaded: 0)
System memory in use before: 81.9 MB.
System memory in use after: 81.9 MB.

Unloading 14 unused Assets to reduce memory usage. Loaded Objects now: 1842.
Total: 2.086600 ms (FindLiveObjects: 0.115100 ms CreateObjectMapping: 0.034200 ms MarkObjects: 1.841300 ms  DeleteObjects: 0.094900 ms)

AssetImportParameters requested are different than current active one (requested -> active):
  custom:framework-win-MediaFoundation: 216162199b28c13a410421893ffa2e32 -> 
  custom:video-decoder-ogg-theora: a1e56fd34408186e4bbccfd4996cb3dc -> 
  custom:container-muxer-webm: aa71ff27fc2769a1b78a27578f13a17b -> 
  custom:container-demuxer-webm: 4f35f7cbe854078d1ac9338744f61a02 -> 
  custom:container-demuxer-ogg: 62fdf1f143b41e24485cea50d1cbac27 -> 
  custom:video-encoder-webm-vp8: eb34c28f22e8b96e1ab97ce403110664 -> 
  custom:video-decoder-webm-vp8: 9c59270c3fd7afecdb556c50c9e8de78 -> 
  custom:audio-decoder-ogg-vorbis: bf7c407c2cedff20999df2af8eb42d56 -> 
  custom:audio-encoder-webm-vorbis: bf7c407c2cedff20999df2af8eb42d56 -> 
========================================================================
Received Import Request.
  Time since last request: 907.862530 seconds.
  path: Assets/Scripts/MoveForward.cs
  artifactKey: Guid(5cf291fcde2a49e4695ffec3bda8eed8) Importer(815301076,1909f56bfc062723c751e8b465ee728b)
Start importing Assets/Scripts/MoveForward.cs using Guid(5cf291fcde2a49e4695ffec3bda8eed8) Importer(815301076,1909f56bfc062723c751e8b465ee728b)  -> (artifact id: '596160d2930c17e6a5a592865eca0f78') in 0.014649 seconds 
  Import took 0.019054 seconds .

========================================================================
Received Import Request.
  Time since last request: 0.014076 seconds.
  path: Assets/Scripts/MoveForward.cs
  artifactKey: Guid(5cf291fcde2a49e4695ffec3bda8eed8) Importer(815301076,1909f56bfc062723c751e8b465ee728b)
Start importing Assets/Scripts/MoveForward.cs using Guid(5cf291fcde2a49e4695ffec3bda8eed8) Importer(815301076,1909f56bfc062723c751e8b465ee728b)  -> (artifact id: '596160d2930c17e6a5a592865eca0f78') in 0.007169 seconds 
  Import took 0.010511 seconds .

========================================================================
Received Prepare
Registering precompiled user dll's ...
Registered in 0.002084 seconds.
Begin MonoManager ReloadAssembly
Native extension for Lumin target not found
Native extension for LinuxStandalone target not found
Native extension for WindowsStandalone target not found
Native extension for WebGL target not found
Refreshing native plugins compatible for Editor in 0.42 ms, found 2 plugins.
Preloading 0 native plugins for Editor in 0.00 ms.
Mono: successfully reloaded assembly
- Completed reload, in  0.920 seconds
Platform modules already initialized, skipping
Refreshing native plugins compatible for Editor in 0.27 ms, found 2 plugins.
Preloading 0 native plugins for Editor in 0.00 ms.
Unloading 1387 Unused Serialized files (Serialized files now loaded: 0)
System memory in use before: 81.9 MB.
System memory in use after: 82.0 MB.

Unloading 14 unused Assets to reduce memory usage. Loaded Objects now: 1846.
Total: 2.433400 ms (FindLiveObjects: 0.169100 ms CreateObjectMapping: 0.049300 ms MarkObjects: 2.135300 ms  DeleteObjects: 0.077800 ms)

AssetImportParameters requested are different than current active one (requested -> active):
  custom:framework-win-MediaFoundation: 216162199b28c13a410421893ffa2e32 -> 
  custom:video-decoder-ogg-theora: a1e56fd34408186e4bbccfd4996cb3dc -> 
  custom:container-muxer-webm: aa71ff27fc2769a1b78a27578f13a17b -> 
  custom:container-demuxer-webm: 4f35f7cbe854078d1ac9338744f61a02 -> 
  custom:container-demuxer-ogg: 62fdf1f143b41e24485cea50d1cbac27 -> 
  custom:video-encoder-webm-vp8: eb34c28f22e8b96e1ab97ce403110664 -> 
  custom:video-decoder-webm-vp8: 9c59270c3fd7afecdb556c50c9e8de78 -> 
  custom:audio-decoder-ogg-vorbis: bf7c407c2cedff20999df2af8eb42d56 -> 
  custom:audio-encoder-webm-vorbis: bf7c407c2cedff20999df2af8eb42d56 -> 
========================================================================
Received Prepare
Registering precompiled user dll's ...
Registered in 0.002870 seconds.
Begin MonoManager ReloadAssembly
Native extension for Lumin target not found
Native extension for LinuxStandalone target not found
Native extension for WindowsStandalone target not found
Native extension for WebGL target not found
Refreshing native plugins compatible for Editor in 0.30 ms, found 2 plugins.
Preloading 0 native plugins for Editor in 0.00 ms.
Mono: successfully reloaded assembly
- Completed reload, in  0.953 seconds
Platform modules already initialized, skipping
Refreshing native plugins compatible for Editor in 0.29 ms, found 2 plugins.
Preloading 0 native plugins for Editor in 0.00 ms.
Unloading 1387 Unused Serialized files (Serialized files now loaded: 0)
System memory in use before: 81.9 MB.
System memory in use after: 82.0 MB.

Unloading 14 unused Assets to reduce memory usage. Loaded Objects now: 1849.
Total: 2.289400 ms (FindLiveObjects: 0.119200 ms CreateObjectMapping: 0.035400 ms MarkObjects: 2.065300 ms  DeleteObjects: 0.068400 ms)

AssetImportParameters requested are different than current active one (requested -> active):
  custom:framework-win-MediaFoundation: 216162199b28c13a410421893ffa2e32 -> 
  custom:video-decoder-ogg-theora: a1e56fd34408186e4bbccfd4996cb3dc -> 
  custom:container-muxer-webm: aa71ff27fc2769a1b78a27578f13a17b -> 
  custom:container-demuxer-webm: 4f35f7cbe854078d1ac9338744f61a02 -> 
  custom:container-demuxer-ogg: 62fdf1f143b41e24485cea50d1cbac27 -> 
  custom:video-encoder-webm-vp8: eb34c28f22e8b96e1ab97ce403110664 -> 
  custom:video-decoder-webm-vp8: 9c59270c3fd7afecdb556c50c9e8de78 -> 
  custom:audio-decoder-ogg-vorbis: bf7c407c2cedff20999df2af8eb42d56 -> 
  custom:audio-encoder-webm-vorbis: bf7c407c2cedff20999df2af8eb42d56 -> 
========================================================================
Received Import Request.
  Time since last request: 8112.749112 seconds.
  path: Assets/Scripts/MoveForward.cs
  artifactKey: Guid(5cf291fcde2a49e4695ffec3bda8eed8) Importer(815301076,1909f56bfc062723c751e8b465ee728b)
Start importing Assets/Scripts/MoveForward.cs using Guid(5cf291fcde2a49e4695ffec3bda8eed8) Importer(815301076,1909f56bfc062723c751e8b465ee728b)  -> (artifact id: '15a81563f81a7918939a4455d0993792') in 0.005184 seconds 
  Import took 0.022339 seconds .

========================================================================
Received Import Request.
  Time since last request: 41.265196 seconds.
  path: Assets/Prefabs
  artifactKey: Guid(c814631b9dc8b454d8a38da7dec60ad8) Importer(815301076,1909f56bfc062723c751e8b465ee728b)
Start importing Assets/Prefabs using Guid(c814631b9dc8b454d8a38da7dec60ad8) Importer(815301076,1909f56bfc062723c751e8b465ee728b)  -> (artifact id: 'a0da46ca2120a2c27cf3f9b6416b569e') in 0.009591 seconds 
  Import took 0.011907 seconds .

========================================================================
Received Import Request.
  Time since last request: 38.175383 seconds.
  path: Assets/Prefabs/Food_Organic_Carrot.prefab
  artifactKey: Guid(5cbc536007da7d449ab9be6aabe89a55) Importer(815301076,1909f56bfc062723c751e8b465ee728b)
Start importing Assets/Prefabs/Food_Organic_Carrot.prefab using Guid(5cbc536007da7d449ab9be6aabe89a55) Importer(815301076,1909f56bfc062723c751e8b465ee728b)  -> (artifact id: 'dd5a8d621a8ba79b31e7b2c2685f4632') in 0.089128 seconds 
  Import took 0.092704 seconds .

========================================================================
Received Import Request.
  Time since last request: 12.892443 seconds.
  path: Assets/Scripts/PlayerController.cs
  artifactKey: Guid(27de7102a429a174a96c7158e5c4309f) Importer(815301076,1909f56bfc062723c751e8b465ee728b)
Start importing Assets/Scripts/PlayerController.cs using Guid(27de7102a429a174a96c7158e5c4309f) Importer(815301076,1909f56bfc062723c751e8b465ee728b)  -> (artifact id: '6a68ca5bdffb089d8e95c02615a545ea') in 0.003438 seconds 
  Import took 0.005807 seconds .

========================================================================
Received Prepare
Registering precompiled user dll's ...
Registered in 0.002144 seconds.
Begin MonoManager ReloadAssembly
Native extension for Lumin target not found
Native extension for LinuxStandalone target not found
Native extension for WindowsStandalone target not found
Native extension for WebGL target not found
Refreshing native plugins compatible for Editor in 0.29 ms, found 2 plugins.
Preloading 0 native plugins for Editor in 0.00 ms.
Mono: successfully reloaded assembly
- Completed reload, in  0.860 seconds
Platform modules already initialized, skipping
Refreshing native plugins compatible for Editor in 0.26 ms, found 2 plugins.
Preloading 0 native plugins for Editor in 0.00 ms.
Unloading 1387 Unused Serialized files (Serialized files now loaded: 0)
System memory in use before: 81.9 MB.
System memory in use after: 82.0 MB.

Unloading 14 unused Assets to reduce memory usage. Loaded Objects now: 1853.
Total: 2.519800 ms (FindLiveObjects: 0.170200 ms CreateObjectMapping: 0.051300 ms MarkObjects: 2.226500 ms  DeleteObjects: 0.070400 ms)

AssetImportParameters requested are different than current active one (requested -> active):
  custom:framework-win-MediaFoundation: 216162199b28c13a410421893ffa2e32 -> 
  custom:video-decoder-ogg-theora: a1e56fd34408186e4bbccfd4996cb3dc -> 
  custom:container-muxer-webm: aa71ff27fc2769a1b78a27578f13a17b -> 
  custom:container-demuxer-webm: 4f35f7cbe854078d1ac9338744f61a02 -> 
  custom:container-demuxer-ogg: 62fdf1f143b41e24485cea50d1cbac27 -> 
  custom:video-encoder-webm-vp8: eb34c28f22e8b96e1ab97ce403110664 -> 
  custom:video-decoder-webm-vp8: 9c59270c3fd7afecdb556c50c9e8de78 -> 
  custom:audio-decoder-ogg-vorbis: bf7c407c2cedff20999df2af8eb42d56 -> 
  custom:audio-encoder-webm-vorbis: bf7c407c2cedff20999df2af8eb42d56 -> 
========================================================================
Received Import Request.
  Time since last request: 68.386604 seconds.
  path: Assets/Scripts/PlayerController.cs
  artifactKey: Guid(27de7102a429a174a96c7158e5c4309f) Importer(815301076,1909f56bfc062723c751e8b465ee728b)
Start importing Assets/Scripts/PlayerController.cs using Guid(27de7102a429a174a96c7158e5c4309f) Importer(815301076,1909f56bfc062723c751e8b465ee728b)  -> (artifact id: '568c73e54f01c0f662f5a8cff984060a') in 0.005272 seconds 
  Import took 0.007275 seconds .

========================================================================
Received Prepare
Registering precompiled user dll's ...
Registered in 0.002697 seconds.
Begin MonoManager ReloadAssembly
Native extension for Lumin target not found
Native extension for LinuxStandalone target not found
Native extension for WindowsStandalone target not found
Native extension for WebGL target not found
Refreshing native plugins compatible for Editor in 0.33 ms, found 2 plugins.
Preloading 0 native plugins for Editor in 0.00 ms.
Mono: successfully reloaded assembly
- Completed reload, in  0.980 seconds
Platform modules already initialized, skipping
Refreshing native plugins compatible for Editor in 0.27 ms, found 2 plugins.
Preloading 0 native plugins for Editor in 0.00 ms.
Unloading 1387 Unused Serialized files (Serialized files now loaded: 0)
System memory in use before: 81.9 MB.
System memory in use after: 82.0 MB.

Unloading 14 unused Assets to reduce memory usage. Loaded Objects now: 1856.
Total: 2.266500 ms (FindLiveObjects: 0.118000 ms CreateObjectMapping: 0.036000 ms MarkObjects: 2.018000 ms  DeleteObjects: 0.093200 ms)

AssetImportParameters requested are different than current active one (requested -> active):
  custom:framework-win-MediaFoundation: 216162199b28c13a410421893ffa2e32 -> 
  custom:video-decoder-ogg-theora: a1e56fd34408186e4bbccfd4996cb3dc -> 
  custom:container-muxer-webm: aa71ff27fc2769a1b78a27578f13a17b -> 
  custom:container-demuxer-webm: 4f35f7cbe854078d1ac9338744f61a02 -> 
  custom:container-demuxer-ogg: 62fdf1f143b41e24485cea50d1cbac27 -> 
  custom:video-encoder-webm-vp8: eb34c28f22e8b96e1ab97ce403110664 -> 
  custom:video-decoder-webm-vp8: 9c59270c3fd7afecdb556c50c9e8de78 -> 
  custom:audio-decoder-ogg-vorbis: bf7c407c2cedff20999df2af8eb42d56 -> 
  custom:audio-encoder-webm-vorbis: bf7c407c2cedff20999df2af8eb42d56 -> 
========================================================================
Received Import Request.
  Time since last request: 197.668817 seconds.
  path: Assets/Scripts/PlayerController.cs
  artifactKey: Guid(27de7102a429a174a96c7158e5c4309f) Importer(815301076,1909f56bfc062723c751e8b465ee728b)
Start importing Assets/Scripts/PlayerController.cs using Guid(27de7102a429a174a96c7158e5c4309f) Importer(815301076,1909f56bfc062723c751e8b465ee728b)  -> (artifact id: '04ea27d4910d2b4e1ad06115734920ce') in 0.008981 seconds 
  Import took 0.011520 seconds .

========================================================================
Received Prepare
Registering precompiled user dll's ...
Registered in 0.001950 seconds.
Begin MonoManager ReloadAssembly
Native extension for Lumin target not found
Native extension for LinuxStandalone target not found
Native extension for WindowsStandalone target not found
Native extension for WebGL target not found
Refreshing native plugins compatible for Editor in 0.29 ms, found 2 plugins.
Preloading 0 native plugins for Editor in 0.00 ms.
Mono: successfully reloaded assembly
- Completed reload, in  0.858 seconds
Platform modules already initialized, skipping
Refreshing native plugins compatible for Editor in 0.26 ms, found 2 plugins.
Preloading 0 native plugins for Editor in 0.00 ms.
Unloading 1387 Unused Serialized files (Serialized files now loaded: 0)
System memory in use before: 81.9 MB.
System memory in use after: 82.0 MB.

Unloading 14 unused Assets to reduce memory usage. Loaded Objects now: 1859.
Total: 2.002500 ms (FindLiveObjects: 0.129000 ms CreateObjectMapping: 0.039900 ms MarkObjects: 1.762600 ms  DeleteObjects: 0.069300 ms)

AssetImportParameters requested are different than current active one (requested -> active):
  custom:framework-win-MediaFoundation: 216162199b28c13a410421893ffa2e32 -> 
  custom:video-decoder-ogg-theora: a1e56fd34408186e4bbccfd4996cb3dc -> 
  custom:container-muxer-webm: aa71ff27fc2769a1b78a27578f13a17b -> 
  custom:container-demuxer-webm: 4f35f7cbe854078d1ac9338744f61a02 -> 
  custom:container-demuxer-ogg: 62fdf1f143b41e24485cea50d1cbac27 -> 
  custom:video-encoder-webm-vp8: eb34c28f22e8b96e1ab97ce403110664 -> 
  custom:video-decoder-webm-vp8: 9c59270c3fd7afecdb556c50c9e8de78 -> 
  custom:audio-decoder-ogg-vorbis: bf7c407c2cedff20999df2af8eb42d56 -> 
  custom:audio-encoder-webm-vorbis: bf7c407c2cedff20999df2af8eb42d56 -> 
========================================================================
Received Import Request.
  Time since last request: 605.407820 seconds.
  path: Assets/Prefabs/Food_Organic_Carrot.prefab
  artifactKey: Guid(5cbc536007da7d449ab9be6aabe89a55) Importer(815301076,1909f56bfc062723c751e8b465ee728b)
Start importing Assets/Prefabs/Food_Organic_Carrot.prefab using Guid(5cbc536007da7d449ab9be6aabe89a55) Importer(815301076,1909f56bfc062723c751e8b465ee728b)  -> (artifact id: '3d2e3a285a07b4d74ebd78a6e34a46c7') in 0.053183 seconds 
  Import took 0.056146 seconds .

========================================================================
Received Prepare
Registering precompiled user dll's ...
Registered in 0.003625 seconds.
Begin MonoManager ReloadAssembly
Native extension for Lumin target not found
Native extension for LinuxStandalone target not found
Native extension for WindowsStandalone target not found
Native extension for WebGL target not found
Refreshing native plugins compatible for Editor in 0.27 ms, found 2 plugins.
Preloading 0 native plugins for Editor in 0.00 ms.
Mono: successfully reloaded assembly
- Completed reload, in  0.849 seconds
Platform modules already initialized, skipping
Refreshing native plugins compatible for Editor in 0.27 ms, found 2 plugins.
Preloading 0 native plugins for Editor in 0.00 ms.
Unloading 1387 Unused Serialized files (Serialized files now loaded: 0)
System memory in use before: 81.9 MB.
System memory in use after: 82.0 MB.

Unloading 14 unused Assets to reduce memory usage. Loaded Objects now: 1863.
Total: 2.145300 ms (FindLiveObjects: 0.124300 ms CreateObjectMapping: 0.038600 ms MarkObjects: 1.922200 ms  DeleteObjects: 0.059000 ms)

AssetImportParameters requested are different than current active one (requested -> active):
  custom:framework-win-MediaFoundation: 216162199b28c13a410421893ffa2e32 -> 
  custom:video-decoder-ogg-theora: a1e56fd34408186e4bbccfd4996cb3dc -> 
  custom:container-muxer-webm: aa71ff27fc2769a1b78a27578f13a17b -> 
  custom:container-demuxer-webm: 4f35f7cbe854078d1ac9338744f61a02 -> 
  custom:container-demuxer-ogg: 62fdf1f143b41e24485cea50d1cbac27 -> 
  custom:video-encoder-webm-vp8: eb34c28f22e8b96e1ab97ce403110664 -> 
  custom:video-decoder-webm-vp8: 9c59270c3fd7afecdb556c50c9e8de78 -> 
  custom:audio-decoder-ogg-vorbis: bf7c407c2cedff20999df2af8eb42d56 -> 
  custom:audio-encoder-webm-vorbis: bf7c407c2cedff20999df2af8eb42d56 -> 
========================================================================
Received Import Request.
  Time since last request: 58.313819 seconds.
  path: Assets/Prefabs/Food_Organic_Carrot.prefab
  artifactKey: Guid(5cbc536007da7d449ab9be6aabe89a55) Importer(815301076,1909f56bfc062723c751e8b465ee728b)
Start importing Assets/Prefabs/Food_Organic_Carrot.prefab using Guid(5cbc536007da7d449ab9be6aabe89a55) Importer(815301076,1909f56bfc062723c751e8b465ee728b)  -> (artifact id: 'a95a764626572d67f72fd6349356ed15') in 0.072929 seconds 
  Import took 0.086166 seconds .

========================================================================
Received Import Request.
  Time since last request: 59.204670 seconds.
  path: Assets/Prefabs/Food_Organic_Carrot.prefab
  artifactKey: Guid(5cbc536007da7d449ab9be6aabe89a55) Importer(815301076,1909f56bfc062723c751e8b465ee728b)
Start importing Assets/Prefabs/Food_Organic_Carrot.prefab using Guid(5cbc536007da7d449ab9be6aabe89a55) Importer(815301076,1909f56bfc062723c751e8b465ee728b)  -> (artifact id: '4b8578a5bf66ad09c5d76e7a68484d22') in 0.019257 seconds 
  Import took 0.031547 seconds .

========================================================================
Received Import Request.
  Time since last request: 0.005504 seconds.
  path: Assets/Prefabs/Food_Organic_Carrot.prefab
  artifactKey: Guid(5cbc536007da7d449ab9be6aabe89a55) Importer(815301076,1909f56bfc062723c751e8b465ee728b)
Start importing Assets/Prefabs/Food_Organic_Carrot.prefab using Guid(5cbc536007da7d449ab9be6aabe89a55) Importer(815301076,1909f56bfc062723c751e8b465ee728b)  -> (artifact id: '4b8578a5bf66ad09c5d76e7a68484d22') in 0.013994 seconds 
  Import took 0.016662 seconds .

========================================================================
Received Prepare
Registering precompiled user dll's ...
Registered in 0.001955 seconds.
Begin MonoManager ReloadAssembly
Native extension for Lumin target not found
Native extension for LinuxStandalone target not found
Native extension for WindowsStandalone target not found
Native extension for WebGL target not found
Refreshing native plugins compatible for Editor in 0.33 ms, found 2 plugins.
Preloading 0 native plugins for Editor in 0.00 ms.
Mono: successfully reloaded assembly
- Completed reload, in  0.863 seconds
Platform modules already initialized, skipping
Refreshing native plugins compatible for Editor in 0.29 ms, found 2 plugins.
Preloading 0 native plugins for Editor in 0.00 ms.
Unloading 1387 Unused Serialized files (Serialized files now loaded: 0)
System memory in use before: 82.0 MB.
System memory in use after: 82.0 MB.

Unloading 14 unused Assets to reduce memory usage. Loaded Objects now: 1867.
Total: 2.292600 ms (FindLiveObjects: 0.119400 ms CreateObjectMapping: 0.065000 ms MarkObjects: 2.050500 ms  DeleteObjects: 0.056700 ms)

AssetImportParameters requested are different than current active one (requested -> active):
  custom:framework-win-MediaFoundation: 216162199b28c13a410421893ffa2e32 -> 
  custom:video-decoder-ogg-theora: a1e56fd34408186e4bbccfd4996cb3dc -> 
  custom:container-muxer-webm: aa71ff27fc2769a1b78a27578f13a17b -> 
  custom:container-demuxer-webm: 4f35f7cbe854078d1ac9338744f61a02 -> 
  custom:container-demuxer-ogg: 62fdf1f143b41e24485cea50d1cbac27 -> 
  custom:video-encoder-webm-vp8: eb34c28f22e8b96e1ab97ce403110664 -> 
  custom:video-decoder-webm-vp8: 9c59270c3fd7afecdb556c50c9e8de78 -> 
  custom:audio-decoder-ogg-vorbis: bf7c407c2cedff20999df2af8eb42d56 -> 
  custom:audio-encoder-webm-vorbis: bf7c407c2cedff20999df2af8eb42d56 -> 
========================================================================
Received Prepare
Registering precompiled user dll's ...
Registered in 0.002114 seconds.
Begin MonoManager ReloadAssembly
Native extension for Lumin target not found
Native extension for LinuxStandalone target not found
Native extension for WindowsStandalone target not found
Native extension for WebGL target not found
Refreshing native plugins compatible for Editor in 0.27 ms, found 2 plugins.
Preloading 0 native plugins for Editor in 0.00 ms.
Mono: successfully reloaded assembly
- Completed reload, in  0.864 seconds
Platform modules already initialized, skipping
Refreshing native plugins compatible for Editor in 0.35 ms, found 2 plugins.
Preloading 0 native plugins for Editor in 0.00 ms.
Unloading 1387 Unused Serialized files (Serialized files now loaded: 0)
System memory in use before: 82.0 MB.
System memory in use after: 82.1 MB.

Unloading 14 unused Assets to reduce memory usage. Loaded Objects now: 1870.
Total: 2.155900 ms (FindLiveObjects: 0.132400 ms CreateObjectMapping: 0.041500 ms MarkObjects: 1.919000 ms  DeleteObjects: 0.062000 ms)

AssetImportParameters requested are different than current active one (requested -> active):
  custom:framework-win-MediaFoundation: 216162199b28c13a410421893ffa2e32 -> 
  custom:video-decoder-ogg-theora: a1e56fd34408186e4bbccfd4996cb3dc -> 
  custom:container-muxer-webm: aa71ff27fc2769a1b78a27578f13a17b -> 
  custom:container-demuxer-webm: 4f35f7cbe854078d1ac9338744f61a02 -> 
  custom:container-demuxer-ogg: 62fdf1f143b41e24485cea50d1cbac27 -> 
  custom:video-encoder-webm-vp8: eb34c28f22e8b96e1ab97ce403110664 -> 
  custom:video-decoder-webm-vp8: 9c59270c3fd7afecdb556c50c9e8de78 -> 
  custom:audio-decoder-ogg-vorbis: bf7c407c2cedff20999df2af8eb42d56 -> 
  custom:audio-encoder-webm-vorbis: bf7c407c2cedff20999df2af8eb42d56 -> 
========================================================================
Received Import Request.
  Time since last request: 2048.332668 seconds.
  path: Assets/Prefabs/Animal_Fox_02 (1).prefab
  artifactKey: Guid(72c1e5e4d0d8f4a49b0d28d2010b07a4) Importer(815301076,1909f56bfc062723c751e8b465ee728b)
Start importing Assets/Prefabs/Animal_Fox_02 (1).prefab using Guid(72c1e5e4d0d8f4a49b0d28d2010b07a4) Importer(815301076,1909f56bfc062723c751e8b465ee728b)  -> (artifact id: 'dcfbeae2d5716ca03e5911f27998317d') in 0.278827 seconds 
  Import took 0.346408 seconds .

========================================================================
Received Import Request.
  Time since last request: 3.228288 seconds.
  path: Assets/Prefabs/Animal_Fox_02 (2).prefab
  artifactKey: Guid(a19a03aa17ad4da4b9749a230f481b65) Importer(815301076,1909f56bfc062723c751e8b465ee728b)
Start importing Assets/Prefabs/Animal_Fox_02 (2).prefab using Guid(a19a03aa17ad4da4b9749a230f481b65) Importer(815301076,1909f56bfc062723c751e8b465ee728b)  -> (artifact id: '28d3ee25383f6c9c1dc76a8dfb46361f') in 0.035866 seconds 
  Import took 0.039267 seconds .

========================================================================
Received Import Request.
  Time since last request: 7.081606 seconds.
  path: Assets/Prefabs/Animal_Fox_01.prefab
  artifactKey: Guid(fa58f11a66e724b4d89e54afae9978f6) Importer(815301076,1909f56bfc062723c751e8b465ee728b)
Start importing Assets/Prefabs/Animal_Fox_01.prefab using Guid(fa58f11a66e724b4d89e54afae9978f6) Importer(815301076,1909f56bfc062723c751e8b465ee728b)  -> (artifact id: '208c7a80d41cb54143353b93aa16ae70') in 0.036370 seconds 
  Import took 0.041376 seconds .

========================================================================
Received Import Request.
  Time since last request: 0.002538 seconds.
  path: Assets/Prefabs/Animal_Fox_01.prefab
  artifactKey: Guid(fa58f11a66e724b4d89e54afae9978f6) Importer(815301076,1909f56bfc062723c751e8b465ee728b)
Start importing Assets/Prefabs/Animal_Fox_01.prefab using Guid(fa58f11a66e724b4d89e54afae9978f6) Importer(815301076,1909f56bfc062723c751e8b465ee728b)  -> (artifact id: '208c7a80d41cb54143353b93aa16ae70') in 0.039260 seconds 
  Import took 0.042797 seconds .

========================================================================
Received Import Request.
  Time since last request: 39.155546 seconds.
  path: Assets/Scripts/DestroyOutOfBounds.cs
  artifactKey: Guid(89d3dfd2ba13d4f4fb7206aaed981c9c) Importer(815301076,1909f56bfc062723c751e8b465ee728b)
Start importing Assets/Scripts/DestroyOutOfBounds.cs using Guid(89d3dfd2ba13d4f4fb7206aaed981c9c) Importer(815301076,1909f56bfc062723c751e8b465ee728b)  -> (artifact id: 'cdc868cd355875f7f6fcfcc0dda3a482') in 0.019807 seconds 
  Import took 0.022005 seconds .

========================================================================
Received Import Request.
  Time since last request: 0.021923 seconds.
  path: Assets/Scripts/DestroyOutOfBounds.cs
  artifactKey: Guid(89d3dfd2ba13d4f4fb7206aaed981c9c) Importer(815301076,1909f56bfc062723c751e8b465ee728b)
Start importing Assets/Scripts/DestroyOutOfBounds.cs using Guid(89d3dfd2ba13d4f4fb7206aaed981c9c) Importer(815301076,1909f56bfc062723c751e8b465ee728b)  -> (artifact id: 'cdc868cd355875f7f6fcfcc0dda3a482') in 0.014092 seconds 
  Import took 0.020947 seconds .

========================================================================
Received Prepare
Registering precompiled user dll's ...
Registered in 0.155193 seconds.
Begin MonoManager ReloadAssembly
Native extension for Lumin target not found
Native extension for LinuxStandalone target not found
Native extension for WindowsStandalone target not found
Native extension for WebGL target not found
Refreshing native plugins compatible for Editor in 0.32 ms, found 2 plugins.
Preloading 0 native plugins for Editor in 0.00 ms.
Mono: successfully reloaded assembly
- Completed reload, in  1.047 seconds
Platform modules already initialized, skipping
Refreshing native plugins compatible for Editor in 0.27 ms, found 2 plugins.
Preloading 0 native plugins for Editor in 0.00 ms.
Unloading 1388 Unused Serialized files (Serialized files now loaded: 0)
System memory in use before: 82.0 MB.
System memory in use after: 82.1 MB.

Unloading 14 unused Assets to reduce memory usage. Loaded Objects now: 1875.
Total: 2.227900 ms (FindLiveObjects: 0.124600 ms CreateObjectMapping: 0.036400 ms MarkObjects: 2.001600 ms  DeleteObjects: 0.064200 ms)

AssetImportParameters requested are different than current active one (requested -> active):
  custom:framework-win-MediaFoundation: 216162199b28c13a410421893ffa2e32 -> 
  custom:video-decoder-ogg-theora: a1e56fd34408186e4bbccfd4996cb3dc -> 
  custom:container-muxer-webm: aa71ff27fc2769a1b78a27578f13a17b -> 
  custom:container-demuxer-webm: 4f35f7cbe854078d1ac9338744f61a02 -> 
  custom:container-demuxer-ogg: 62fdf1f143b41e24485cea50d1cbac27 -> 
  custom:video-encoder-webm-vp8: eb34c28f22e8b96e1ab97ce403110664 -> 
  custom:video-decoder-webm-vp8: 9c59270c3fd7afecdb556c50c9e8de78 -> 
  custom:audio-decoder-ogg-vorbis: bf7c407c2cedff20999df2af8eb42d56 -> 
  custom:audio-encoder-webm-vorbis: bf7c407c2cedff20999df2af8eb42d56 -> 
========================================================================
Received Import Request.
  Time since last request: 123.067741 seconds.
  path: Assets/Scripts/DestroyOutOfBounds.cs
  artifactKey: Guid(89d3dfd2ba13d4f4fb7206aaed981c9c) Importer(815301076,1909f56bfc062723c751e8b465ee728b)
Start importing Assets/Scripts/DestroyOutOfBounds.cs using Guid(89d3dfd2ba13d4f4fb7206aaed981c9c) Importer(815301076,1909f56bfc062723c751e8b465ee728b)  -> (artifact id: '287f5acc1561d1cb0ba30d22e226b232') in 0.005290 seconds 
  Import took 0.007224 seconds .

========================================================================
Received Import Request.
  Time since last request: 74.344573 seconds.
  path: Assets/Prefabs/Food_Organic_Carrot.prefab
  artifactKey: Guid(5cbc536007da7d449ab9be6aabe89a55) Importer(815301076,1909f56bfc062723c751e8b465ee728b)
Start importing Assets/Prefabs/Food_Organic_Carrot.prefab using Guid(5cbc536007da7d449ab9be6aabe89a55) Importer(815301076,1909f56bfc062723c751e8b465ee728b)  -> (artifact id: 'bb875c5c550f00e58e41aae77faf6410') in 0.108049 seconds 
  Import took 0.120596 seconds .

========================================================================
Received Prepare
Registering precompiled user dll's ...
Registered in 0.002619 seconds.
Begin MonoManager ReloadAssembly
Native extension for Lumin target not found
Native extension for LinuxStandalone target not found
Native extension for WindowsStandalone target not found
Native extension for WebGL target not found
Refreshing native plugins compatible for Editor in 0.28 ms, found 2 plugins.
Preloading 0 native plugins for Editor in 0.00 ms.
Mono: successfully reloaded assembly
- Completed reload, in  0.821 seconds
Platform modules already initialized, skipping
Refreshing native plugins compatible for Editor in 0.27 ms, found 2 plugins.
Preloading 0 native plugins for Editor in 0.00 ms.
Unloading 1388 Unused Serialized files (Serialized files now loaded: 0)
System memory in use before: 82.0 MB.
System memory in use after: 82.1 MB.

Unloading 14 unused Assets to reduce memory usage. Loaded Objects now: 1879.
Total: 2.201600 ms (FindLiveObjects: 0.119000 ms CreateObjectMapping: 0.034400 ms MarkObjects: 1.982800 ms  DeleteObjects: 0.064700 ms)

AssetImportParameters requested are different than current active one (requested -> active):
  custom:framework-win-MediaFoundation: 216162199b28c13a410421893ffa2e32 -> 
  custom:video-decoder-ogg-theora: a1e56fd34408186e4bbccfd4996cb3dc -> 
  custom:container-muxer-webm: aa71ff27fc2769a1b78a27578f13a17b -> 
  custom:container-demuxer-webm: 4f35f7cbe854078d1ac9338744f61a02 -> 
  custom:container-demuxer-ogg: 62fdf1f143b41e24485cea50d1cbac27 -> 
  custom:video-encoder-webm-vp8: eb34c28f22e8b96e1ab97ce403110664 -> 
  custom:video-decoder-webm-vp8: 9c59270c3fd7afecdb556c50c9e8de78 -> 
  custom:audio-decoder-ogg-vorbis: bf7c407c2cedff20999df2af8eb42d56 -> 
  custom:audio-encoder-webm-vorbis: bf7c407c2cedff20999df2af8eb42d56 -> 
========================================================================
Received Prepare
Registering precompiled user dll's ...
Registered in 0.002120 seconds.
Begin MonoManager ReloadAssembly
Native extension for Lumin target not found
Native extension for LinuxStandalone target not found
Native extension for WindowsStandalone target not found
Native extension for WebGL target not found
Refreshing native plugins compatible for Editor in 0.27 ms, found 2 plugins.
Preloading 0 native plugins for Editor in 0.00 ms.
Mono: successfully reloaded assembly
- Completed reload, in  0.923 seconds
Platform modules already initialized, skipping
Refreshing native plugins compatible for Editor in 0.27 ms, found 2 plugins.
Preloading 0 native plugins for Editor in 0.00 ms.
Unloading 1388 Unused Serialized files (Serialized files now loaded: 0)
System memory in use before: 82.0 MB.
System memory in use after: 82.1 MB.

Unloading 14 unused Assets to reduce memory usage. Loaded Objects now: 1882.
Total: 1.939900 ms (FindLiveObjects: 0.117700 ms CreateObjectMapping: 0.034400 ms MarkObjects: 1.712000 ms  DeleteObjects: 0.074700 ms)

AssetImportParameters requested are different than current active one (requested -> active):
  custom:framework-win-MediaFoundation: 216162199b28c13a410421893ffa2e32 -> 
  custom:video-decoder-ogg-theora: a1e56fd34408186e4bbccfd4996cb3dc -> 
  custom:container-muxer-webm: aa71ff27fc2769a1b78a27578f13a17b -> 
  custom:container-demuxer-webm: 4f35f7cbe854078d1ac9338744f61a02 -> 
  custom:container-demuxer-ogg: 62fdf1f143b41e24485cea50d1cbac27 -> 
  custom:video-encoder-webm-vp8: eb34c28f22e8b96e1ab97ce403110664 -> 
  custom:video-decoder-webm-vp8: 9c59270c3fd7afecdb556c50c9e8de78 -> 
  custom:audio-decoder-ogg-vorbis: bf7c407c2cedff20999df2af8eb42d56 -> 
  custom:audio-encoder-webm-vorbis: bf7c407c2cedff20999df2af8eb42d56 -> 
========================================================================
Received Prepare
Registering precompiled user dll's ...
Registered in 0.002275 seconds.
Begin MonoManager ReloadAssembly
Native extension for Lumin target not found
Native extension for LinuxStandalone target not found
Native extension for WindowsStandalone target not found
Native extension for WebGL target not found
Refreshing native plugins compatible for Editor in 0.32 ms, found 2 plugins.
Preloading 0 native plugins for Editor in 0.00 ms.
Mono: successfully reloaded assembly
- Completed reload, in  0.841 seconds
Platform modules already initialized, skipping
Refreshing native plugins compatible for Editor in 0.27 ms, found 2 plugins.
Preloading 0 native plugins for Editor in 0.00 ms.
Unloading 1388 Unused Serialized files (Serialized files now loaded: 0)
System memory in use before: 82.0 MB.
System memory in use after: 82.1 MB.

Unloading 14 unused Assets to reduce memory usage. Loaded Objects now: 1885.
Total: 2.120500 ms (FindLiveObjects: 0.140300 ms CreateObjectMapping: 0.046200 ms MarkObjects: 1.874300 ms  DeleteObjects: 0.058700 ms)

AssetImportParameters requested are different than current active one (requested -> active):
  custom:framework-win-MediaFoundation: 216162199b28c13a410421893ffa2e32 -> 
  custom:video-decoder-ogg-theora: a1e56fd34408186e4bbccfd4996cb3dc -> 
  custom:container-muxer-webm: aa71ff27fc2769a1b78a27578f13a17b -> 
  custom:container-demuxer-webm: 4f35f7cbe854078d1ac9338744f61a02 -> 
  custom:container-demuxer-ogg: 62fdf1f143b41e24485cea50d1cbac27 -> 
  custom:video-encoder-webm-vp8: eb34c28f22e8b96e1ab97ce403110664 -> 
  custom:video-decoder-webm-vp8: 9c59270c3fd7afecdb556c50c9e8de78 -> 
  custom:audio-decoder-ogg-vorbis: bf7c407c2cedff20999df2af8eb42d56 -> 
  custom:audio-encoder-webm-vorbis: bf7c407c2cedff20999df2af8eb42d56 -> 
========================================================================
Received Prepare
Registering precompiled user dll's ...
Registered in 0.003087 seconds.
Begin MonoManager ReloadAssembly
Native extension for Lumin target not found
Native extension for LinuxStandalone target not found
Native extension for WindowsStandalone target not found
Native extension for WebGL target not found
Refreshing native plugins compatible for Editor in 0.27 ms, found 2 plugins.
Preloading 0 native plugins for Editor in 0.00 ms.
Mono: successfully reloaded assembly
- Completed reload, in  0.801 seconds
Platform modules already initialized, skipping
Refreshing native plugins compatible for Editor in 0.32 ms, found 2 plugins.
Preloading 0 native plugins for Editor in 0.00 ms.
Unloading 1388 Unused Serialized files (Serialized files now loaded: 0)
System memory in use before: 82.0 MB.
System memory in use after: 82.1 MB.

Unloading 14 unused Assets to reduce memory usage. Loaded Objects now: 1888.
Total: 2.189200 ms (FindLiveObjects: 0.120300 ms CreateObjectMapping: 0.035600 ms MarkObjects: 1.968100 ms  DeleteObjects: 0.064100 ms)

AssetImportParameters requested are different than current active one (requested -> active):
  custom:framework-win-MediaFoundation: 216162199b28c13a410421893ffa2e32 -> 
  custom:video-decoder-ogg-theora: a1e56fd34408186e4bbccfd4996cb3dc -> 
  custom:container-muxer-webm: aa71ff27fc2769a1b78a27578f13a17b -> 
  custom:container-demuxer-webm: 4f35f7cbe854078d1ac9338744f61a02 -> 
  custom:container-demuxer-ogg: 62fdf1f143b41e24485cea50d1cbac27 -> 
  custom:video-encoder-webm-vp8: eb34c28f22e8b96e1ab97ce403110664 -> 
  custom:video-decoder-webm-vp8: 9c59270c3fd7afecdb556c50c9e8de78 -> 
  custom:audio-decoder-ogg-vorbis: bf7c407c2cedff20999df2af8eb42d56 -> 
  custom:audio-encoder-webm-vorbis: bf7c407c2cedff20999df2af8eb42d56 -> 
========================================================================
Received Import Request.
  Time since last request: 1931.215410 seconds.
  path: Assets/Scripts/SpawnManager.cs
  artifactKey: Guid(717b4b522f719294589e596658100f81) Importer(815301076,1909f56bfc062723c751e8b465ee728b)
Start importing Assets/Scripts/SpawnManager.cs using Guid(717b4b522f719294589e596658100f81) Importer(815301076,1909f56bfc062723c751e8b465ee728b)  -> (artifact id: '218c8c618bbc32dfa3a9a51ad42f7ee6') in 0.013736 seconds 
  Import took 0.016592 seconds .

========================================================================
Received Import Request.
  Time since last request: 0.012378 seconds.
  path: Assets/Scripts/SpawnManager.cs
  artifactKey: Guid(717b4b522f719294589e596658100f81) Importer(815301076,1909f56bfc062723c751e8b465ee728b)
Start importing Assets/Scripts/SpawnManager.cs using Guid(717b4b522f719294589e596658100f81) Importer(815301076,1909f56bfc062723c751e8b465ee728b)  -> (artifact id: '218c8c618bbc32dfa3a9a51ad42f7ee6') in 0.004619 seconds 
  Import took 0.007963 seconds .

========================================================================
Received Prepare
Registering precompiled user dll's ...
Registered in 0.002132 seconds.
Begin MonoManager ReloadAssembly
Native extension for Lumin target not found
Native extension for LinuxStandalone target not found
Native extension for WindowsStandalone target not found
Native extension for WebGL target not found
Refreshing native plugins compatible for Editor in 0.30 ms, found 2 plugins.
Preloading 0 native plugins for Editor in 0.00 ms.
Mono: successfully reloaded assembly
- Completed reload, in  0.923 seconds
Platform modules already initialized, skipping
Refreshing native plugins compatible for Editor in 0.27 ms, found 2 plugins.
Preloading 0 native plugins for Editor in 0.00 ms.
Unloading 1389 Unused Serialized files (Serialized files now loaded: 0)
System memory in use before: 82.1 MB.
System memory in use after: 82.1 MB.

Unloading 14 unused Assets to reduce memory usage. Loaded Objects now: 1892.
Total: 1.969800 ms (FindLiveObjects: 0.122400 ms CreateObjectMapping: 0.036900 ms MarkObjects: 1.749300 ms  DeleteObjects: 0.060300 ms)

AssetImportParameters requested are different than current active one (requested -> active):
  custom:framework-win-MediaFoundation: 216162199b28c13a410421893ffa2e32 -> 
  custom:video-decoder-ogg-theora: a1e56fd34408186e4bbccfd4996cb3dc -> 
  custom:container-muxer-webm: aa71ff27fc2769a1b78a27578f13a17b -> 
  custom:container-demuxer-webm: 4f35f7cbe854078d1ac9338744f61a02 -> 
  custom:container-demuxer-ogg: 62fdf1f143b41e24485cea50d1cbac27 -> 
  custom:video-encoder-webm-vp8: eb34c28f22e8b96e1ab97ce403110664 -> 
  custom:video-decoder-webm-vp8: 9c59270c3fd7afecdb556c50c9e8de78 -> 
  custom:audio-decoder-ogg-vorbis: bf7c407c2cedff20999df2af8eb42d56 -> 
  custom:audio-encoder-webm-vorbis: bf7c407c2cedff20999df2af8eb42d56 -> 
========================================================================
Received Prepare
Registering precompiled user dll's ...
Registered in 0.002655 seconds.
Begin MonoManager ReloadAssembly
Native extension for Lumin target not found
Native extension for LinuxStandalone target not found
Native extension for WindowsStandalone target not found
Native extension for WebGL target not found
Refreshing native plugins compatible for Editor in 0.27 ms, found 2 plugins.
Preloading 0 native plugins for Editor in 0.00 ms.
Mono: successfully reloaded assembly
- Completed reload, in  0.849 seconds
Platform modules already initialized, skipping
Refreshing native plugins compatible for Editor in 0.29 ms, found 2 plugins.
Preloading 0 native plugins for Editor in 0.00 ms.
Unloading 1389 Unused Serialized files (Serialized files now loaded: 0)
System memory in use before: 82.1 MB.
System memory in use after: 82.1 MB.

Unloading 14 unused Assets to reduce memory usage. Loaded Objects now: 1895.
Total: 2.174300 ms (FindLiveObjects: 0.144400 ms CreateObjectMapping: 0.039700 ms MarkObjects: 1.927000 ms  DeleteObjects: 0.062100 ms)

AssetImportParameters requested are different than current active one (requested -> active):
  custom:framework-win-MediaFoundation: 216162199b28c13a410421893ffa2e32 -> 
  custom:video-decoder-ogg-theora: a1e56fd34408186e4bbccfd4996cb3dc -> 
  custom:container-muxer-webm: aa71ff27fc2769a1b78a27578f13a17b -> 
  custom:container-demuxer-webm: 4f35f7cbe854078d1ac9338744f61a02 -> 
  custom:container-demuxer-ogg: 62fdf1f143b41e24485cea50d1cbac27 -> 
  custom:video-encoder-webm-vp8: eb34c28f22e8b96e1ab97ce403110664 -> 
  custom:video-decoder-webm-vp8: 9c59270c3fd7afecdb556c50c9e8de78 -> 
  custom:audio-decoder-ogg-vorbis: bf7c407c2cedff20999df2af8eb42d56 -> 
  custom:audio-encoder-webm-vorbis: bf7c407c2cedff20999df2af8eb42d56 -> 
========================================================================
Received Prepare
Registering precompiled user dll's ...
Registered in 0.002093 seconds.
Begin MonoManager ReloadAssembly
Native extension for Lumin target not found
Native extension for LinuxStandalone target not found
Native extension for WindowsStandalone target not found
Native extension for WebGL target not found
Refreshing native plugins compatible for Editor in 0.28 ms, found 2 plugins.
Preloading 0 native plugins for Editor in 0.00 ms.
Mono: successfully reloaded assembly
- Completed reload, in  0.855 seconds
Platform modules already initialized, skipping
Refreshing native plugins compatible for Editor in 0.27 ms, found 2 plugins.
Preloading 0 native plugins for Editor in 0.00 ms.
Unloading 1389 Unused Serialized files (Serialized files now loaded: 0)
System memory in use before: 82.1 MB.
System memory in use after: 82.2 MB.

Unloading 14 unused Assets to reduce memory usage. Loaded Objects now: 1898.
Total: 2.189500 ms (FindLiveObjects: 0.122200 ms CreateObjectMapping: 0.037600 ms MarkObjects: 1.963900 ms  DeleteObjects: 0.064600 ms)

AssetImportParameters requested are different than current active one (requested -> active):
  custom:framework-win-MediaFoundation: 216162199b28c13a410421893ffa2e32 -> 
  custom:video-decoder-ogg-theora: a1e56fd34408186e4bbccfd4996cb3dc -> 
  custom:container-muxer-webm: aa71ff27fc2769a1b78a27578f13a17b -> 
  custom:container-demuxer-webm: 4f35f7cbe854078d1ac9338744f61a02 -> 
  custom:container-demuxer-ogg: 62fdf1f143b41e24485cea50d1cbac27 -> 
  custom:video-encoder-webm-vp8: eb34c28f22e8b96e1ab97ce403110664 -> 
  custom:video-decoder-webm-vp8: 9c59270c3fd7afecdb556c50c9e8de78 -> 
  custom:audio-decoder-ogg-vorbis: bf7c407c2cedff20999df2af8eb42d56 -> 
  custom:audio-encoder-webm-vorbis: bf7c407c2cedff20999df2af8eb42d56 -> 
========================================================================
Received Prepare
Registering precompiled user dll's ...
Registered in 0.002388 seconds.
Begin MonoManager ReloadAssembly
Native extension for Lumin target not found
Native extension for LinuxStandalone target not found
Native extension for WindowsStandalone target not found
Native extension for WebGL target not found
Refreshing native plugins compatible for Editor in 0.29 ms, found 2 plugins.
Preloading 0 native plugins for Editor in 0.00 ms.
Mono: successfully reloaded assembly
- Completed reload, in  0.801 seconds
Platform modules already initialized, skipping
Refreshing native plugins compatible for Editor in 0.27 ms, found 2 plugins.
Preloading 0 native plugins for Editor in 0.00 ms.
Unloading 1389 Unused Serialized files (Serialized files now loaded: 0)
System memory in use before: 82.1 MB.
System memory in use after: 82.2 MB.

Unloading 14 unused Assets to reduce memory usage. Loaded Objects now: 1901.
Total: 2.580300 ms (FindLiveObjects: 0.208000 ms CreateObjectMapping: 0.042000 ms MarkObjects: 2.178000 ms  DeleteObjects: 0.151100 ms)

AssetImportParameters requested are different than current active one (requested -> active):
  custom:framework-win-MediaFoundation: 216162199b28c13a410421893ffa2e32 -> 
  custom:video-decoder-ogg-theora: a1e56fd34408186e4bbccfd4996cb3dc -> 
  custom:container-muxer-webm: aa71ff27fc2769a1b78a27578f13a17b -> 
  custom:container-demuxer-webm: 4f35f7cbe854078d1ac9338744f61a02 -> 
  custom:container-demuxer-ogg: 62fdf1f143b41e24485cea50d1cbac27 -> 
  custom:video-encoder-webm-vp8: eb34c28f22e8b96e1ab97ce403110664 -> 
  custom:video-decoder-webm-vp8: 9c59270c3fd7afecdb556c50c9e8de78 -> 
  custom:audio-decoder-ogg-vorbis: bf7c407c2cedff20999df2af8eb42d56 -> 
  custom:audio-encoder-webm-vorbis: bf7c407c2cedff20999df2af8eb42d56 -> 
========================================================================
Received Import Request.
  Time since last request: 848.178712 seconds.
  path: Assets/Prefabs/Animal_Fox_01.prefab
  artifactKey: Guid(fa58f11a66e724b4d89e54afae9978f6) Importer(815301076,1909f56bfc062723c751e8b465ee728b)
Start importing Assets/Prefabs/Animal_Fox_01.prefab using Guid(fa58f11a66e724b4d89e54afae9978f6) Importer(815301076,1909f56bfc062723c751e8b465ee728b)  -> (artifact id: 'de45572e194441091b83dbeadbf95ddf') in 0.078922 seconds 
  Import took 0.081798 seconds .

========================================================================
Received Prepare
Registering precompiled user dll's ...
Registered in 0.002178 seconds.
Begin MonoManager ReloadAssembly
Native extension for Lumin target not found
Native extension for LinuxStandalone target not found
Native extension for WindowsStandalone target not found
Native extension for WebGL target not found
Refreshing native plugins compatible for Editor in 0.29 ms, found 2 plugins.
Preloading 0 native plugins for Editor in 0.00 ms.
Mono: successfully reloaded assembly
- Completed reload, in  0.822 seconds
Platform modules already initialized, skipping
Refreshing native plugins compatible for Editor in 0.28 ms, found 2 plugins.
Preloading 0 native plugins for Editor in 0.00 ms.
Unloading 1389 Unused Serialized files (Serialized files now loaded: 0)
System memory in use before: 82.1 MB.
System memory in use after: 82.2 MB.

Unloading 14 unused Assets to reduce memory usage. Loaded Objects now: 1905.
Total: 2.084900 ms (FindLiveObjects: 0.124600 ms CreateObjectMapping: 0.037200 ms MarkObjects: 1.843400 ms  DeleteObjects: 0.078600 ms)

AssetImportParameters requested are different than current active one (requested -> active):
  custom:framework-win-MediaFoundation: 216162199b28c13a410421893ffa2e32 -> 
  custom:video-decoder-ogg-theora: a1e56fd34408186e4bbccfd4996cb3dc -> 
  custom:container-muxer-webm: aa71ff27fc2769a1b78a27578f13a17b -> 
  custom:container-demuxer-webm: 4f35f7cbe854078d1ac9338744f61a02 -> 
  custom:container-demuxer-ogg: 62fdf1f143b41e24485cea50d1cbac27 -> 
  custom:video-encoder-webm-vp8: eb34c28f22e8b96e1ab97ce403110664 -> 
  custom:video-decoder-webm-vp8: 9c59270c3fd7afecdb556c50c9e8de78 -> 
  custom:audio-decoder-ogg-vorbis: bf7c407c2cedff20999df2af8eb42d56 -> 
  custom:audio-encoder-webm-vorbis: bf7c407c2cedff20999df2af8eb42d56 -> 
========================================================================
Received Import Request.
  Time since last request: 116.904592 seconds.
  path: Assets/Scripts/SpawnManager.cs
  artifactKey: Guid(717b4b522f719294589e596658100f81) Importer(815301076,1909f56bfc062723c751e8b465ee728b)
Start importing Assets/Scripts/SpawnManager.cs using Guid(717b4b522f719294589e596658100f81) Importer(815301076,1909f56bfc062723c751e8b465ee728b)  -> (artifact id: '96540f0a6ab31b366974f3840daedab7') in 0.007319 seconds 
  Import took 0.009853 seconds .

========================================================================
Received Prepare
Registering precompiled user dll's ...
Registered in 0.002155 seconds.
Begin MonoManager ReloadAssembly
Native extension for Lumin target not found
Native extension for LinuxStandalone target not found
Native extension for WindowsStandalone target not found
Native extension for WebGL target not found
Refreshing native plugins compatible for Editor in 0.27 ms, found 2 plugins.
Preloading 0 native plugins for Editor in 0.00 ms.
Mono: successfully reloaded assembly
- Completed reload, in  0.886 seconds
Platform modules already initialized, skipping
Refreshing native plugins compatible for Editor in 0.26 ms, found 2 plugins.
Preloading 0 native plugins for Editor in 0.00 ms.
Unloading 1389 Unused Serialized files (Serialized files now loaded: 0)
System memory in use before: 82.1 MB.
System memory in use after: 82.2 MB.

Unloading 14 unused Assets to reduce memory usage. Loaded Objects now: 1908.
Total: 2.300800 ms (FindLiveObjects: 0.122600 ms CreateObjectMapping: 0.037700 ms MarkObjects: 2.079300 ms  DeleteObjects: 0.060100 ms)

AssetImportParameters requested are different than current active one (requested -> active):
  custom:framework-win-MediaFoundation: 216162199b28c13a410421893ffa2e32 -> 
  custom:video-decoder-ogg-theora: a1e56fd34408186e4bbccfd4996cb3dc -> 
  custom:container-muxer-webm: aa71ff27fc2769a1b78a27578f13a17b -> 
  custom:container-demuxer-webm: 4f35f7cbe854078d1ac9338744f61a02 -> 
  custom:container-demuxer-ogg: 62fdf1f143b41e24485cea50d1cbac27 -> 
  custom:video-encoder-webm-vp8: eb34c28f22e8b96e1ab97ce403110664 -> 
  custom:video-decoder-webm-vp8: 9c59270c3fd7afecdb556c50c9e8de78 -> 
  custom:audio-decoder-ogg-vorbis: bf7c407c2cedff20999df2af8eb42d56 -> 
  custom:audio-encoder-webm-vorbis: bf7c407c2cedff20999df2af8eb42d56 -> 
========================================================================
Received Import Request.
  Time since last request: 287.238232 seconds.
  path: Assets/Scripts/SpawnManager.cs
  artifactKey: Guid(717b4b522f719294589e596658100f81) Importer(815301076,1909f56bfc062723c751e8b465ee728b)
Start importing Assets/Scripts/SpawnManager.cs using Guid(717b4b522f719294589e596658100f81) Importer(815301076,1909f56bfc062723c751e8b465ee728b)  -> (artifact id: '8151250fd36f3a47c25784cc6e1ffc90') in 0.005548 seconds 
  Import took 0.007460 seconds .

========================================================================
Received Import Request.
  Time since last request: 48.596144 seconds.
  path: Assets/Prefabs/Animal_Fox_01.prefab
  artifactKey: Guid(fa58f11a66e724b4d89e54afae9978f6) Importer(815301076,1909f56bfc062723c751e8b465ee728b)
Start importing Assets/Prefabs/Animal_Fox_01.prefab using Guid(fa58f11a66e724b4d89e54afae9978f6) Importer(815301076,1909f56bfc062723c751e8b465ee728b)  -> (artifact id: '76a4e0afe63256f8df6cb4b1d8253a67') in 0.060309 seconds 
  Import took 0.063601 seconds .

========================================================================
Received Import Request.
  Time since last request: 86.865936 seconds.
  path: Assets/Prefabs/Animal_Fox_02 (1).prefab
  artifactKey: Guid(72c1e5e4d0d8f4a49b0d28d2010b07a4) Importer(815301076,1909f56bfc062723c751e8b465ee728b)
Start importing Assets/Prefabs/Animal_Fox_02 (1).prefab using Guid(72c1e5e4d0d8f4a49b0d28d2010b07a4) Importer(815301076,1909f56bfc062723c751e8b465ee728b)  -> (artifact id: 'ffe45bbfd672db5eb5319902579a729e') in 0.030443 seconds 
  Import took 0.033545 seconds .

========================================================================
Received Import Request.
  Time since last request: 4.664600 seconds.
  path: Assets/Prefabs/Animal_Fox_02 (1).prefab
  artifactKey: Guid(72c1e5e4d0d8f4a49b0d28d2010b07a4) Importer(815301076,1909f56bfc062723c751e8b465ee728b)
Start importing Assets/Prefabs/Animal_Fox_02 (1).prefab using Guid(72c1e5e4d0d8f4a49b0d28d2010b07a4) Importer(815301076,1909f56bfc062723c751e8b465ee728b)  -> (artifact id: 'd5d46371ec1f057f23adc59002aa26e4') in 0.030435 seconds 
  Import took 0.034023 seconds .

========================================================================
Received Import Request.
  Time since last request: 5.735018 seconds.
  path: Assets/Prefabs/Animal_Fox_02 (1).prefab
  artifactKey: Guid(72c1e5e4d0d8f4a49b0d28d2010b07a4) Importer(815301076,1909f56bfc062723c751e8b465ee728b)
Start importing Assets/Prefabs/Animal_Fox_02 (1).prefab using Guid(72c1e5e4d0d8f4a49b0d28d2010b07a4) Importer(815301076,1909f56bfc062723c751e8b465ee728b)  -> (artifact id: 'f26549f81ef1ea041aef96b237e20cf6') in 0.028663 seconds 
  Import took 0.046933 seconds .

========================================================================
Received Import Request.
  Time since last request: 5.612933 seconds.
  path: Assets/Prefabs/Animal_Fox_02 (1).prefab
  artifactKey: Guid(72c1e5e4d0d8f4a49b0d28d2010b07a4) Importer(815301076,1909f56bfc062723c751e8b465ee728b)
Start importing Assets/Prefabs/Animal_Fox_02 (1).prefab using Guid(72c1e5e4d0d8f4a49b0d28d2010b07a4) Importer(815301076,1909f56bfc062723c751e8b465ee728b)  -> (artifact id: 'd6f4d3f1e79d6873e96f1cc39920f293') in 0.023339 seconds 
  Import took 0.029564 seconds .

========================================================================
Received Import Request.
  Time since last request: 4.211485 seconds.
  path: Assets/Prefabs/Animal_Fox_02 (1).prefab
  artifactKey: Guid(72c1e5e4d0d8f4a49b0d28d2010b07a4) Importer(815301076,1909f56bfc062723c751e8b465ee728b)
Start importing Assets/Prefabs/Animal_Fox_02 (1).prefab using Guid(72c1e5e4d0d8f4a49b0d28d2010b07a4) Importer(815301076,1909f56bfc062723c751e8b465ee728b)  -> (artifact id: '5641799bf0402c464b3508907f3a729e') in 0.027499 seconds 
  Import took 0.032268 seconds .

========================================================================
Received Import Request.
  Time since last request: 2.180153 seconds.
  path: Assets/Prefabs/Animal_Fox_02 (1).prefab
  artifactKey: Guid(72c1e5e4d0d8f4a49b0d28d2010b07a4) Importer(815301076,1909f56bfc062723c751e8b465ee728b)
Start importing Assets/Prefabs/Animal_Fox_02 (1).prefab using Guid(72c1e5e4d0d8f4a49b0d28d2010b07a4) Importer(815301076,1909f56bfc062723c751e8b465ee728b)  -> (artifact id: '2f0b0acdbaaf69785e674d806371f568') in 0.029337 seconds 
  Import took 0.032695 seconds .

========================================================================
Received Import Request.
  Time since last request: 3.609505 seconds.
  path: Assets/Prefabs/Animal_Fox_02 (1).prefab
  artifactKey: Guid(72c1e5e4d0d8f4a49b0d28d2010b07a4) Importer(815301076,1909f56bfc062723c751e8b465ee728b)
Start importing Assets/Prefabs/Animal_Fox_02 (1).prefab using Guid(72c1e5e4d0d8f4a49b0d28d2010b07a4) Importer(815301076,1909f56bfc062723c751e8b465ee728b)  -> (artifact id: 'a4d5a1587dd82f8535e5b95321fa7ea1') in 0.028514 seconds 
  Import took 0.035660 seconds .

========================================================================
Received Import Request.
  Time since last request: 5.689652 seconds.
  path: Assets/Prefabs/Animal_Fox_02 (2).prefab
  artifactKey: Guid(a19a03aa17ad4da4b9749a230f481b65) Importer(815301076,1909f56bfc062723c751e8b465ee728b)
Start importing Assets/Prefabs/Animal_Fox_02 (2).prefab using Guid(a19a03aa17ad4da4b9749a230f481b65) Importer(815301076,1909f56bfc062723c751e8b465ee728b)  -> (artifact id: '9f5247e97d642102b8154eca836221ba') in 0.038909 seconds 
  Import took 0.042381 seconds .

========================================================================
Received Import Request.
  Time since last request: 1.472631 seconds.
  path: Assets/Prefabs/Animal_Fox_02 (2).prefab
  artifactKey: Guid(a19a03aa17ad4da4b9749a230f481b65) Importer(815301076,1909f56bfc062723c751e8b465ee728b)
Start importing Assets/Prefabs/Animal_Fox_02 (2).prefab using Guid(a19a03aa17ad4da4b9749a230f481b65) Importer(815301076,1909f56bfc062723c751e8b465ee728b)  -> (artifact id: 'b5881a88a5cc6e6202ad65cfb405d5e2') in 0.028825 seconds 
  Import took 0.031768 seconds .

========================================================================
Received Import Request.
  Time since last request: 3.198163 seconds.
  path: Assets/Prefabs/Animal_Fox_02 (2).prefab
  artifactKey: Guid(a19a03aa17ad4da4b9749a230f481b65) Importer(815301076,1909f56bfc062723c751e8b465ee728b)
Start importing Assets/Prefabs/Animal_Fox_02 (2).prefab using Guid(a19a03aa17ad4da4b9749a230f481b65) Importer(815301076,1909f56bfc062723c751e8b465ee728b)  -> (artifact id: 'f76fa52eb7360f8b10f64f5712a1dde6') in 0.026014 seconds 
  Import took 0.030117 seconds .

========================================================================
Received Import Request.
  Time since last request: 9.255679 seconds.
  path: Assets/Prefabs/Animal_Fox_02 (2).prefab
  artifactKey: Guid(a19a03aa17ad4da4b9749a230f481b65) Importer(815301076,1909f56bfc062723c751e8b465ee728b)
Start importing Assets/Prefabs/Animal_Fox_02 (2).prefab using Guid(a19a03aa17ad4da4b9749a230f481b65) Importer(815301076,1909f56bfc062723c751e8b465ee728b)  -> (artifact id: '764561fdaa802b1af21896059f08e67d') in 0.026225 seconds 
  Import took 0.031444 seconds .

========================================================================
Received Import Request.
  Time since last request: 3.998731 seconds.
  path: Assets/Prefabs/Animal_Fox_02 (2).prefab
  artifactKey: Guid(a19a03aa17ad4da4b9749a230f481b65) Importer(815301076,1909f56bfc062723c751e8b465ee728b)
Start importing Assets/Prefabs/Animal_Fox_02 (2).prefab using Guid(a19a03aa17ad4da4b9749a230f481b65) Importer(815301076,1909f56bfc062723c751e8b465ee728b)  -> (artifact id: '37b7b2947288a7cb49d1149ac9f593b5') in 0.023445 seconds 
  Import took 0.027624 seconds .

========================================================================
Received Import Request.
  Time since last request: 5.425702 seconds.
  path: Assets/Prefabs/Animal_Fox_02 (2).prefab
  artifactKey: Guid(a19a03aa17ad4da4b9749a230f481b65) Importer(815301076,1909f56bfc062723c751e8b465ee728b)
Start importing Assets/Prefabs/Animal_Fox_02 (2).prefab using Guid(a19a03aa17ad4da4b9749a230f481b65) Importer(815301076,1909f56bfc062723c751e8b465ee728b)  -> (artifact id: '5748e2fb6e955da27143545d2f467869') in 0.026824 seconds 
  Import took 0.030444 seconds .

========================================================================
Received Import Request.
  Time since last request: 18.807479 seconds.
  path: Assets/Prefabs/Animal_Fox_02 (2).prefab
  artifactKey: Guid(a19a03aa17ad4da4b9749a230f481b65) Importer(815301076,1909f56bfc062723c751e8b465ee728b)
Start importing Assets/Prefabs/Animal_Fox_02 (2).prefab using Guid(a19a03aa17ad4da4b9749a230f481b65) Importer(815301076,1909f56bfc062723c751e8b465ee728b)  -> (artifact id: '8e1e6fadf15bd0473762966b4f4b21ff') in 0.020508 seconds 
  Import took 0.024035 seconds .

========================================================================
Received Import Request.
  Time since last request: 0.004105 seconds.
  path: Assets/Prefabs/Animal_Fox_02 (2).prefab
  artifactKey: Guid(a19a03aa17ad4da4b9749a230f481b65) Importer(815301076,1909f56bfc062723c751e8b465ee728b)
Start importing Assets/Prefabs/Animal_Fox_02 (2).prefab using Guid(a19a03aa17ad4da4b9749a230f481b65) Importer(815301076,1909f56bfc062723c751e8b465ee728b)  -> (artifact id: '8e1e6fadf15bd0473762966b4f4b21ff') in 0.022490 seconds 
  Import took 0.026035 seconds .

========================================================================
Received Import Request.
  Time since last request: 5.718909 seconds.
  path: Assets/Prefabs/Animal_Fox_02 (2).prefab
  artifactKey: Guid(a19a03aa17ad4da4b9749a230f481b65) Importer(815301076,1909f56bfc062723c751e8b465ee728b)
Start importing Assets/Prefabs/Animal_Fox_02 (2).prefab using Guid(a19a03aa17ad4da4b9749a230f481b65) Importer(815301076,1909f56bfc062723c751e8b465ee728b)  -> (artifact id: '52fd7cbd5c0e3709f438ee9891f7c1b4') in 0.020516 seconds 
  Import took 0.035060 seconds .

========================================================================
Received Import Request.
  Time since last request: 5.342200 seconds.
  path: Assets/Prefabs/Animal_Fox_02 (1).prefab
  artifactKey: Guid(72c1e5e4d0d8f4a49b0d28d2010b07a4) Importer(815301076,1909f56bfc062723c751e8b465ee728b)
Start importing Assets/Prefabs/Animal_Fox_02 (1).prefab using Guid(72c1e5e4d0d8f4a49b0d28d2010b07a4) Importer(815301076,1909f56bfc062723c751e8b465ee728b)  -> (artifact id: '35517af7d8f5e3ca1c4aaa4683035ad9') in 0.021245 seconds 
  Import took 0.024263 seconds .

========================================================================
Received Import Request.
  Time since last request: 0.000525 seconds.
  path: Assets/Prefabs/Animal_Fox_02 (1).prefab
  artifactKey: Guid(72c1e5e4d0d8f4a49b0d28d2010b07a4) Importer(815301076,1909f56bfc062723c751e8b465ee728b)
Start importing Assets/Prefabs/Animal_Fox_02 (1).prefab using Guid(72c1e5e4d0d8f4a49b0d28d2010b07a4) Importer(815301076,1909f56bfc062723c751e8b465ee728b)  -> (artifact id: '35517af7d8f5e3ca1c4aaa4683035ad9') in 0.022000 seconds 
  Import took 0.025322 seconds .

========================================================================
Received Import Request.
  Time since last request: 2.304220 seconds.
  path: Assets/Prefabs/Animal_Fox_02 (1).prefab
  artifactKey: Guid(72c1e5e4d0d8f4a49b0d28d2010b07a4) Importer(815301076,1909f56bfc062723c751e8b465ee728b)
Start importing Assets/Prefabs/Animal_Fox_02 (1).prefab using Guid(72c1e5e4d0d8f4a49b0d28d2010b07a4) Importer(815301076,1909f56bfc062723c751e8b465ee728b)  -> (artifact id: '6b520fbad6ee5681cba4c617bfb215eb') in 0.020176 seconds 
  Import took 0.036519 seconds .

========================================================================
Received Import Request.
  Time since last request: 0.972024 seconds.
  path: Assets/Prefabs/Animal_Fox_01.prefab
  artifactKey: Guid(fa58f11a66e724b4d89e54afae9978f6) Importer(815301076,1909f56bfc062723c751e8b465ee728b)
Start importing Assets/Prefabs/Animal_Fox_01.prefab using Guid(fa58f11a66e724b4d89e54afae9978f6) Importer(815301076,1909f56bfc062723c751e8b465ee728b)  -> (artifact id: 'a52c2790e951dfbf3f257f1918ba95b8') in 0.020153 seconds 
  Import took 0.023450 seconds .

========================================================================
Received Import Request.
  Time since last request: 0.001638 seconds.
  path: Assets/Prefabs/Animal_Fox_01.prefab
  artifactKey: Guid(fa58f11a66e724b4d89e54afae9978f6) Importer(815301076,1909f56bfc062723c751e8b465ee728b)
Start importing Assets/Prefabs/Animal_Fox_01.prefab using Guid(fa58f11a66e724b4d89e54afae9978f6) Importer(815301076,1909f56bfc062723c751e8b465ee728b)  -> (artifact id: 'a52c2790e951dfbf3f257f1918ba95b8') in 0.022838 seconds 
  Import took 0.025917 seconds .

========================================================================
Received Import Request.
  Time since last request: 2.090242 seconds.
  path: Assets/Prefabs/Animal_Fox_01.prefab
  artifactKey: Guid(fa58f11a66e724b4d89e54afae9978f6) Importer(815301076,1909f56bfc062723c751e8b465ee728b)
Start importing Assets/Prefabs/Animal_Fox_01.prefab using Guid(fa58f11a66e724b4d89e54afae9978f6) Importer(815301076,1909f56bfc062723c751e8b465ee728b)  -> (artifact id: 'dd7a84f7bfd30794415a1e6c2f7de498') in 0.020770 seconds 
  Import took 0.023756 seconds .

========================================================================
Received Import Request.
  Time since last request: 0.001724 seconds.
  path: Assets/Prefabs/Animal_Fox_01.prefab
  artifactKey: Guid(fa58f11a66e724b4d89e54afae9978f6) Importer(815301076,1909f56bfc062723c751e8b465ee728b)
Start importing Assets/Prefabs/Animal_Fox_01.prefab using Guid(fa58f11a66e724b4d89e54afae9978f6) Importer(815301076,1909f56bfc062723c751e8b465ee728b)  -> (artifact id: 'dd7a84f7bfd30794415a1e6c2f7de498') in 0.023475 seconds 
  Import took 0.026713 seconds .

========================================================================
Received Import Request.
  Time since last request: 1.455478 seconds.
  path: Assets/Prefabs/Animal_Fox_01.prefab
  artifactKey: Guid(fa58f11a66e724b4d89e54afae9978f6) Importer(815301076,1909f56bfc062723c751e8b465ee728b)
Start importing Assets/Prefabs/Animal_Fox_01.prefab using Guid(fa58f11a66e724b4d89e54afae9978f6) Importer(815301076,1909f56bfc062723c751e8b465ee728b)  -> (artifact id: 'fc7c48dcd8efb6157b15dcc7ae57e0cd') in 0.021177 seconds 
  Import took 0.024364 seconds .

========================================================================
Received Import Request.
  Time since last request: 13428.728809 seconds.
  path: Assets/Scripts/DetectCollisions.cs
  artifactKey: Guid(a1e4ba6d8ed1b5342b7048cf0136e5f7) Importer(815301076,1909f56bfc062723c751e8b465ee728b)
Start importing Assets/Scripts/DetectCollisions.cs using Guid(a1e4ba6d8ed1b5342b7048cf0136e5f7) Importer(815301076,1909f56bfc062723c751e8b465ee728b)  -> (artifact id: '6e1caa19041332e856f986ef9cf75726') in 0.016635 seconds 
  Import took 0.024092 seconds .

========================================================================
Received Import Request.
  Time since last request: 0.005405 seconds.
  path: Assets/Scripts/DetectCollisions.cs
  artifactKey: Guid(a1e4ba6d8ed1b5342b7048cf0136e5f7) Importer(815301076,1909f56bfc062723c751e8b465ee728b)
Start importing Assets/Scripts/DetectCollisions.cs using Guid(a1e4ba6d8ed1b5342b7048cf0136e5f7) Importer(815301076,1909f56bfc062723c751e8b465ee728b)  -> (artifact id: '6e1caa19041332e856f986ef9cf75726') in 0.004579 seconds 
  Import took 0.008436 seconds .

========================================================================
Received Prepare
Registering precompiled user dll's ...
Registered in 0.021376 seconds.
Begin MonoManager ReloadAssembly
Native extension for Lumin target not found
Native extension for LinuxStandalone target not found
Native extension for WindowsStandalone target not found
Native extension for WebGL target not found
Refreshing native plugins compatible for Editor in 0.29 ms, found 2 plugins.
Preloading 0 native plugins for Editor in 0.00 ms.
Mono: successfully reloaded assembly
- Completed reload, in  1.013 seconds
Platform modules already initialized, skipping
Refreshing native plugins compatible for Editor in 0.30 ms, found 2 plugins.
Preloading 0 native plugins for Editor in 0.00 ms.
Unloading 1390 Unused Serialized files (Serialized files now loaded: 0)
System memory in use before: 82.4 MB.
System memory in use after: 82.4 MB.

Unloading 14 unused Assets to reduce memory usage. Loaded Objects now: 1913.
Total: 2.335800 ms (FindLiveObjects: 0.125100 ms CreateObjectMapping: 0.037000 ms MarkObjects: 2.077800 ms  DeleteObjects: 0.095000 ms)

AssetImportParameters requested are different than current active one (requested -> active):
  custom:framework-win-MediaFoundation: 216162199b28c13a410421893ffa2e32 -> 
  custom:video-decoder-ogg-theora: a1e56fd34408186e4bbccfd4996cb3dc -> 
  custom:container-muxer-webm: aa71ff27fc2769a1b78a27578f13a17b -> 
  custom:container-demuxer-webm: 4f35f7cbe854078d1ac9338744f61a02 -> 
  custom:container-demuxer-ogg: 62fdf1f143b41e24485cea50d1cbac27 -> 
  custom:video-encoder-webm-vp8: eb34c28f22e8b96e1ab97ce403110664 -> 
  custom:video-decoder-webm-vp8: 9c59270c3fd7afecdb556c50c9e8de78 -> 
  custom:audio-decoder-ogg-vorbis: bf7c407c2cedff20999df2af8eb42d56 -> 
  custom:audio-encoder-webm-vorbis: bf7c407c2cedff20999df2af8eb42d56 -> 
========================================================================
Received Import Request.
  Time since last request: 20.936605 seconds.
  path: Assets/Prefabs/Animal_Fox_01.prefab
  artifactKey: Guid(fa58f11a66e724b4d89e54afae9978f6) Importer(815301076,1909f56bfc062723c751e8b465ee728b)
Start importing Assets/Prefabs/Animal_Fox_01.prefab using Guid(fa58f11a66e724b4d89e54afae9978f6) Importer(815301076,1909f56bfc062723c751e8b465ee728b)  -> (artifact id: '55911af330b0f6ef2fe5428a18606a98') in 0.131630 seconds 
  Import took 0.134699 seconds .

========================================================================
Received Import Request.
  Time since last request: 3.587948 seconds.
  path: Assets/Prefabs/Animal_Fox_02 (1).prefab
  artifactKey: Guid(72c1e5e4d0d8f4a49b0d28d2010b07a4) Importer(815301076,1909f56bfc062723c751e8b465ee728b)
Start importing Assets/Prefabs/Animal_Fox_02 (1).prefab using Guid(72c1e5e4d0d8f4a49b0d28d2010b07a4) Importer(815301076,1909f56bfc062723c751e8b465ee728b)  -> (artifact id: '46aa0d440964dab04684b86ec3b82db0') in 0.027105 seconds 
  Import took 0.031006 seconds .

========================================================================
Received Import Request.
  Time since last request: 1.163640 seconds.
  path: Assets/Prefabs/Animal_Fox_02 (2).prefab
  artifactKey: Guid(a19a03aa17ad4da4b9749a230f481b65) Importer(815301076,1909f56bfc062723c751e8b465ee728b)
Start importing Assets/Prefabs/Animal_Fox_02 (2).prefab using Guid(a19a03aa17ad4da4b9749a230f481b65) Importer(815301076,1909f56bfc062723c751e8b465ee728b)  -> (artifact id: 'eb588e84ea1785530cf86997cd51f56a') in 0.019974 seconds 
  Import took 0.055937 seconds .

========================================================================
Received Prepare
Registering precompiled user dll's ...
Registered in 0.002582 seconds.
Begin MonoManager ReloadAssembly
Native extension for Lumin target not found
Native extension for LinuxStandalone target not found
Native extension for WindowsStandalone target not found
Native extension for WebGL target not found
Refreshing native plugins compatible for Editor in 0.30 ms, found 2 plugins.
Preloading 0 native plugins for Editor in 0.00 ms.
Mono: successfully reloaded assembly
- Completed reload, in  0.905 seconds
Platform modules already initialized, skipping
Refreshing native plugins compatible for Editor in 0.33 ms, found 2 plugins.
Preloading 0 native plugins for Editor in 0.00 ms.
Unloading 1390 Unused Serialized files (Serialized files now loaded: 0)
System memory in use before: 82.4 MB.
System memory in use after: 82.5 MB.

Unloading 14 unused Assets to reduce memory usage. Loaded Objects now: 1917.
Total: 2.315500 ms (FindLiveObjects: 0.118500 ms CreateObjectMapping: 0.033700 ms MarkObjects: 2.096100 ms  DeleteObjects: 0.066300 ms)

AssetImportParameters requested are different than current active one (requested -> active):
  custom:framework-win-MediaFoundation: 216162199b28c13a410421893ffa2e32 -> 
  custom:video-decoder-ogg-theora: a1e56fd34408186e4bbccfd4996cb3dc -> 
  custom:container-muxer-webm: aa71ff27fc2769a1b78a27578f13a17b -> 
  custom:container-demuxer-webm: 4f35f7cbe854078d1ac9338744f61a02 -> 
  custom:container-demuxer-ogg: 62fdf1f143b41e24485cea50d1cbac27 -> 
  custom:video-encoder-webm-vp8: eb34c28f22e8b96e1ab97ce403110664 -> 
  custom:video-decoder-webm-vp8: 9c59270c3fd7afecdb556c50c9e8de78 -> 
  custom:audio-decoder-ogg-vorbis: bf7c407c2cedff20999df2af8eb42d56 -> 
  custom:audio-encoder-webm-vorbis: bf7c407c2cedff20999df2af8eb42d56 -> 
========================================================================
Received Import Request.
  Time since last request: 155.181920 seconds.
  path: Assets/Scripts/DetectCollisions.cs
  artifactKey: Guid(a1e4ba6d8ed1b5342b7048cf0136e5f7) Importer(815301076,1909f56bfc062723c751e8b465ee728b)
Start importing Assets/Scripts/DetectCollisions.cs using Guid(a1e4ba6d8ed1b5342b7048cf0136e5f7) Importer(815301076,1909f56bfc062723c751e8b465ee728b)  -> (artifact id: 'e129fae83d9bafcd3605f1a12b2e22d2') in 0.004899 seconds 
  Import took 0.017502 seconds .

AssetImportWorkerClient::OnTransportError - code=2 error=End of file
